This is pdfTeX, Version 3.14159265-2.6-1.40.19 (MiKTeX 2.9.6630 64-bit) (preloaded format=pdflatex 2018.4.26)  8 OCT 2018 21:43
entering extended mode
**./TI-Ricardo-Doutorado.tex
(TI-Ricardo-Doutorado.tex
LaTeX2e <2017-04-15>
Babel <3.18> and hyphenation patterns for 75 language(s) loaded.
(texufpel.cls


 --------------------------------------------------
 CLASSE texufpel
 Formatação de Documentos LaTeX da UFPEL
 --------------------------------------------------
 Desenvolvida a partir da Classe IIUFRGS
 por Marilton S. de Aguiar (marilton@inf.ufpel.edu.br)
 --------------------------------------------------
 Versão: 4/3/2017
 --------------------------------------------------


Document Class: texufpel 4/3/2017

("C:\Users\WeslenSchiavon\AppData\Local\Programs\MiKTeX 2.9\tex\latex\base\repo
rt.cls"
Document Class: report 2014/09/29 v1.4h Standard LaTeX document class

("C:\Users\WeslenSchiavon\AppData\Local\Programs\MiKTeX 2.9\tex\latex\base\size
12.clo"
File: size12.clo 2014/09/29 v1.4h Standard LaTeX file (size option)
)
\c@part=\count79
\c@chapter=\count80
\c@section=\count81
\c@subsection=\count82
\c@subsubsection=\count83
\c@paragraph=\count84
\c@subparagraph=\count85
\c@figure=\count86
\c@table=\count87
\abovecaptionskip=\skip41
\belowcaptionskip=\skip42
\bibindent=\dimen102
)
("C:\Users\WeslenSchiavon\AppData\Local\Programs\MiKTeX 2.9\tex\generic\babel\b
abel.sty"
Package: babel 2018/02/14 3.18 The Babel package

("C:\Users\WeslenSchiavon\AppData\Local\Programs\MiKTeX 2.9\tex\generic\babel\s
witch.def"
File: switch.def 2018/02/14 3.18 Babel switching mechanism
)
*************************************
* Local config file bblopts.cfg used
*

("C:\Users\WeslenSchiavon\AppData\Local\Programs\MiKTeX 2.9\tex\latex\arabi\bbl
opts.cfg"
File: bblopts.cfg 2005/09/08 v0.1 add Arabic and Farsi to "declared" options of
 babel
)
("C:\Users\WeslenSchiavon\AppData\Local\Programs\MiKTeX 2.9\tex\latex\babel-eng
lish\english.ldf"
Language: english 2017/06/06 v3.3r English support from the babel system

("C:\Users\WeslenSchiavon\AppData\Local\Programs\MiKTeX 2.9\tex\generic\babel\b
abel.def"
File: babel.def 2018/02/14 3.18 Babel common definitions
\babel@savecnt=\count88
\U@D=\dimen103

("C:\Users\WeslenSchiavon\AppData\Local\Programs\MiKTeX 2.9\tex\generic\babel\t
xtbabel.def")
\bbl@dirlevel=\count89
)
\l@canadian = a dialect from \language\l@american 
\l@australian = a dialect from \language\l@british 
\l@newzealand = a dialect from \language\l@british 
)
("C:\Users\WeslenSchiavon\AppData\Local\Programs\MiKTeX 2.9\tex\latex\babel-por
tuges\portuges.ldf"
Language: portuges 2008/03/18 v1.2q Portuguese support from the babel system
\l@brazilian = a dialect from \language\l@portuges 
Package babel Info: Making " an active character on input line 145.
))
("C:\Users\WeslenSchiavon\AppData\Local\Programs\MiKTeX 2.9\tex\latex\lastpage\
lastpage.sty"
Package: lastpage 2015/03/29 v1.2m Refers to last page's name (HMM; JPG)
)
("C:\Users\WeslenSchiavon\AppData\Local\Programs\MiKTeX 2.9\tex\latex\tools\ind
entfirst.sty"
Package: indentfirst 1995/11/23 v1.03 Indent first paragraph (DPC)
)
("C:\Users\WeslenSchiavon\AppData\Local\Programs\MiKTeX 2.9\tex\latex\natbib\na
tbib.sty"
Package: natbib 2010/09/13 8.31b (PWD, AO)
\bibhang=\skip43
\bibsep=\skip44
LaTeX Info: Redefining \cite on input line 694.
\c@NAT@ctr=\count90
)
("C:\Users\WeslenSchiavon\AppData\Local\Programs\MiKTeX 2.9\tex\latex\chngcntr\
chngcntr.sty"
Package: chngcntr 2018/04/09 v1.1a change counter resetting
)
("C:\Users\WeslenSchiavon\AppData\Local\Programs\MiKTeX 2.9\tex\latex\eso-pic\e
so-pic.sty"
Package: eso-pic 2015/07/21 v2.0g eso-pic (RN)

("C:\Users\WeslenSchiavon\AppData\Local\Programs\MiKTeX 2.9\tex\generic\oberdie
k\atbegshi.sty"
Package: atbegshi 2016/06/09 v1.18 At begin shipout hook (HO)

("C:\Users\WeslenSchiavon\AppData\Local\Programs\MiKTeX 2.9\tex\generic\oberdie
k\infwarerr.sty"
Package: infwarerr 2016/05/16 v1.4 Providing info/warning/error messages (HO)
)
("C:\Users\WeslenSchiavon\AppData\Local\Programs\MiKTeX 2.9\tex\generic\oberdie
k\ltxcmds.sty"
Package: ltxcmds 2016/05/16 v1.23 LaTeX kernel commands for general use (HO)
)
("C:\Users\WeslenSchiavon\AppData\Local\Programs\MiKTeX 2.9\tex\generic\oberdie
k\ifpdf.sty"
Package: ifpdf 2017/03/15 v3.2 Provides the ifpdf switch
))
("C:\Users\WeslenSchiavon\AppData\Local\Programs\MiKTeX 2.9\tex\latex\graphics\
keyval.sty"
Package: keyval 2014/10/28 v1.15 key=value parser (DPC)
\KV@toks@=\toks14
)
("C:\Users\WeslenSchiavon\AppData\Local\Programs\MiKTeX 2.9\tex\latex\xcolor\xc
olor.sty"
Package: xcolor 2016/05/11 v2.12 LaTeX color extensions (UK)

("C:\Users\WeslenSchiavon\AppData\Local\Programs\MiKTeX 2.9\tex\latex\graphics-
cfg\color.cfg"
File: color.cfg 2016/01/02 v1.6 sample color configuration
)
Package xcolor Info: Driver file: pdftex.def on input line 225.

("C:\Users\WeslenSchiavon\AppData\Local\Programs\MiKTeX 2.9\tex\latex\graphics-
def\pdftex.def"
File: pdftex.def 2018/01/08 v1.0l Graphics/color driver for pdftex
)
("C:\Users\WeslenSchiavon\AppData\Local\Programs\MiKTeX 2.9\tex\latex\colortbl\
colortbl.sty"
Package: colortbl 2018/05/02 v1.0c Color table columns (DPC)

("C:\Users\WeslenSchiavon\AppData\Local\Programs\MiKTeX 2.9\tex\latex\tools\arr
ay.sty"
Package: array 2016/10/06 v2.4d Tabular extension package (FMi)
\col@sep=\dimen104
\extrarowheight=\dimen105
\NC@list=\toks15
\extratabsurround=\skip45
\backup@length=\skip46
)
\everycr=\toks16
\minrowclearance=\skip47
)
\rownum=\count91
Package xcolor Info: Model `cmy' substituted by `cmy0' on input line 1348.
Package xcolor Info: Model `hsb' substituted by `rgb' on input line 1352.
Package xcolor Info: Model `RGB' extended on input line 1364.
Package xcolor Info: Model `HTML' substituted by `rgb' on input line 1366.
Package xcolor Info: Model `Hsb' substituted by `hsb' on input line 1367.
Package xcolor Info: Model `tHsb' substituted by `hsb' on input line 1368.
Package xcolor Info: Model `HSB' substituted by `hsb' on input line 1369.
Package xcolor Info: Model `Gray' substituted by `gray' on input line 1370.
Package xcolor Info: Model `wave' substituted by `hsb' on input line 1371.
))
("C:\Users\WeslenSchiavon\AppData\Local\Programs\MiKTeX 2.9\tex\latex\setspace\
setspace.sty"
Package: setspace 2011/12/19 v6.7a set line spacing
)
("C:\Users\WeslenSchiavon\AppData\Local\Programs\MiKTeX 2.9\tex\latex\geometry\
geometry.sty"
Package: geometry 2010/09/12 v5.6 Page Geometry

("C:\Users\WeslenSchiavon\AppData\Local\Programs\MiKTeX 2.9\tex\generic\oberdie
k\ifvtex.sty"
Package: ifvtex 2016/05/16 v1.6 Detect VTeX and its facilities (HO)
Package ifvtex Info: VTeX not detected.
)
("C:\Users\WeslenSchiavon\AppData\Local\Programs\MiKTeX 2.9\tex\generic\ifxetex
\ifxetex.sty"
Package: ifxetex 2010/09/12 v0.6 Provides ifxetex conditional
)
\Gm@cnth=\count92
\Gm@cntv=\count93
\c@Gm@tempcnt=\count94
\Gm@bindingoffset=\dimen106
\Gm@wd@mp=\dimen107
\Gm@odd@mp=\dimen108
\Gm@even@mp=\dimen109
\Gm@layoutwidth=\dimen110
\Gm@layoutheight=\dimen111
\Gm@layouthoffset=\dimen112
\Gm@layoutvoffset=\dimen113
\Gm@dimlist=\toks17

("C:\Users\WeslenSchiavon\AppData\Local\Programs\MiKTeX 2.9\tex\latex\geometry\
geometry.cfg"))
("C:\Users\WeslenSchiavon\AppData\Local\Programs\MiKTeX 2.9\tex\latex\hyperref\
hyperref.sty"
Package: hyperref 2018/02/06 v6.86b Hypertext links for LaTeX

("C:\Users\WeslenSchiavon\AppData\Local\Programs\MiKTeX 2.9\tex\generic\oberdie
k\hobsub-hyperref.sty"
Package: hobsub-hyperref 2016/05/16 v1.14 Bundle oberdiek, subset hyperref (HO)


("C:\Users\WeslenSchiavon\AppData\Local\Programs\MiKTeX 2.9\tex\generic\oberdie
k\hobsub-generic.sty"
Package: hobsub-generic 2016/05/16 v1.14 Bundle oberdiek, subset generic (HO)
Package: hobsub 2016/05/16 v1.14 Construct package bundles (HO)
Package hobsub Info: Skipping package `infwarerr' (already loaded).
Package hobsub Info: Skipping package `ltxcmds' (already loaded).
Package: ifluatex 2016/05/16 v1.4 Provides the ifluatex switch (HO)
Package ifluatex Info: LuaTeX not detected.
Package hobsub Info: Skipping package `ifvtex' (already loaded).
Package: intcalc 2016/05/16 v1.2 Expandable calculations with integers (HO)
Package hobsub Info: Skipping package `ifpdf' (already loaded).
Package: etexcmds 2016/05/16 v1.6 Avoid name clashes with e-TeX commands (HO)
Package etexcmds Info: Could not find \expanded.
(etexcmds)             That can mean that you are not using pdfTeX 1.50 or
(etexcmds)             that some package has redefined \expanded.
(etexcmds)             In the latter case, load this package earlier.
Package: kvsetkeys 2016/05/16 v1.17 Key value parser (HO)
Package: kvdefinekeys 2016/05/16 v1.4 Define keys (HO)
Package: pdftexcmds 2018/01/21 v0.26 Utility functions of pdfTeX for LuaTeX (HO
)
Package pdftexcmds Info: LuaTeX not detected.
Package pdftexcmds Info: \pdf@primitive is available.
Package pdftexcmds Info: \pdf@ifprimitive is available.
Package pdftexcmds Info: \pdfdraftmode found.
Package: pdfescape 2016/05/16 v1.14 Implements pdfTeX's escape features (HO)
Package: bigintcalc 2016/05/16 v1.4 Expandable calculations on big integers (HO
)
Package: bitset 2016/05/16 v1.2 Handle bit-vector datatype (HO)
Package: uniquecounter 2016/05/16 v1.3 Provide unlimited unique counter (HO)
)
Package hobsub Info: Skipping package `hobsub' (already loaded).
Package: letltxmacro 2016/05/16 v1.5 Let assignment for LaTeX macros (HO)
Package: hopatch 2016/05/16 v1.3 Wrapper for package hooks (HO)
Package: xcolor-patch 2016/05/16 xcolor patch
Package: atveryend 2016/05/16 v1.9 Hooks at the very end of document (HO)
Package atveryend Info: \enddocument detected (standard20110627).
Package hobsub Info: Skipping package `atbegshi' (already loaded).
Package: refcount 2016/05/16 v3.5 Data extraction from label references (HO)
Package: hycolor 2016/05/16 v1.8 Color options for hyperref/bookmark (HO)
)
("C:\Users\WeslenSchiavon\AppData\Local\Programs\MiKTeX 2.9\tex\latex\oberdiek\
auxhook.sty"
Package: auxhook 2016/05/16 v1.4 Hooks for auxiliary files (HO)
)
("C:\Users\WeslenSchiavon\AppData\Local\Programs\MiKTeX 2.9\tex\latex\oberdiek\
kvoptions.sty"
Package: kvoptions 2016/05/16 v3.12 Key value format for package options (HO)
)
\@linkdim=\dimen114
\Hy@linkcounter=\count95
\Hy@pagecounter=\count96

("C:\Users\WeslenSchiavon\AppData\Local\Programs\MiKTeX 2.9\tex\latex\hyperref\
pd1enc.def"
File: pd1enc.def 2018/02/06 v6.86b Hyperref: PDFDocEncoding definition (HO)
)
\Hy@SavedSpaceFactor=\count97

("C:\Users\WeslenSchiavon\AppData\Local\Programs\MiKTeX 2.9\tex\latex\00miktex\
hyperref.cfg"
File: hyperref.cfg 2002/06/06 v1.2 hyperref configuration of TeXLive
)
Package hyperref Info: Hyper figures OFF on input line 4509.
Package hyperref Info: Link nesting OFF on input line 4514.
Package hyperref Info: Hyper index ON on input line 4517.
Package hyperref Info: Plain pages OFF on input line 4524.
Package hyperref Info: Backreferencing OFF on input line 4529.
Package hyperref Info: Implicit mode ON; LaTeX internals redefined.
Package hyperref Info: Bookmarks ON on input line 4762.
\c@Hy@tempcnt=\count98

("C:\Users\WeslenSchiavon\AppData\Local\Programs\MiKTeX 2.9\tex\latex\url\url.s
ty"
\Urlmuskip=\muskip10
Package: url 2013/09/16  ver 3.4  Verb mode for urls, etc.
)
LaTeX Info: Redefining \url on input line 5115.
\XeTeXLinkMargin=\dimen115
\Fld@menulength=\count99
\Field@Width=\dimen116
\Fld@charsize=\dimen117
Package hyperref Info: Hyper figures OFF on input line 6369.
Package hyperref Info: Link nesting OFF on input line 6374.
Package hyperref Info: Hyper index ON on input line 6377.
Package hyperref Info: backreferencing OFF on input line 6384.
Package hyperref Info: Link coloring OFF on input line 6389.
Package hyperref Info: Link coloring with OCG OFF on input line 6394.
Package hyperref Info: PDF/A mode OFF on input line 6399.
LaTeX Info: Redefining \ref on input line 6439.
LaTeX Info: Redefining \pageref on input line 6443.
\Hy@abspage=\count100
\c@Item=\count101
\c@Hfootnote=\count102
)
Package hyperref Info: Driver (autodetected): hpdftex.

("C:\Users\WeslenSchiavon\AppData\Local\Programs\MiKTeX 2.9\tex\latex\hyperref\
hpdftex.def"
File: hpdftex.def 2018/02/06 v6.86b Hyperref driver for pdfTeX
\Fld@listcount=\count103
\c@bookmark@seq@number=\count104

("C:\Users\WeslenSchiavon\AppData\Local\Programs\MiKTeX 2.9\tex\latex\oberdiek\
rerunfilecheck.sty"
Package: rerunfilecheck 2016/05/16 v1.8 Rerun checks for auxiliary files (HO)
Package uniquecounter Info: New unique counter `rerunfilecheck' on input line 2
82.
)
\Hy@SectionHShift=\skip48
)
("C:\Users\WeslenSchiavon\AppData\Local\Programs\MiKTeX 2.9\tex\latex\caption\c
aption.sty"
Package: caption 2016/02/21 v3.3-144 Customizing captions (AR)

("C:\Users\WeslenSchiavon\AppData\Local\Programs\MiKTeX 2.9\tex\latex\caption\c
aption3.sty"
Package: caption3 2016/05/22 v1.7-166 caption3 kernel (AR)
Package caption3 Info: TeX engine: e-TeX on input line 67.
\captionmargin=\dimen118
\captionmargin@=\dimen119
\captionwidth=\dimen120
\caption@tempdima=\dimen121
\caption@indent=\dimen122
\caption@parindent=\dimen123
\caption@hangindent=\dimen124
)
\c@ContinuedFloat=\count105
Package caption Info: hyperref package is loaded.
)
("C:\Users\WeslenSchiavon\AppData\Local\Programs\MiKTeX 2.9\tex\latex\base\font
enc.sty"
Package: fontenc 2017/04/05 v2.0i Standard LaTeX package

("C:\Users\WeslenSchiavon\AppData\Local\Programs\MiKTeX 2.9\tex\latex\base\t1en
c.def"
File: t1enc.def 2017/04/05 v2.0i Standard LaTeX file
LaTeX Font Info:    Redeclaring font encoding T1 on input line 48.
))
\c@ei@authorcount=\count106
\c@ei@advisorcount=\count107
\c@ei@coadvisorcount=\count108
\c@ei@collaboratorcount=\count109
\c@kwcounter=\count110
\c@kwcountereng=\count111
\titlepagewinwidth=\skip49
\titlepagewinheight=\skip50
\titlepagewinvoffset=\skip51
\ei@chapnumindent=\skip52
)
("C:\Users\WeslenSchiavon\AppData\Local\Programs\MiKTeX 2.9\tex\latex\tools\enu
merate.sty"
Package: enumerate 2015/07/23 v3.00 enumerate extensions (DPC)
\@enLab=\toks18
)
("C:\Users\WeslenSchiavon\AppData\Local\Programs\MiKTeX 2.9\tex\latex\base\inpu
tenc.sty"
Package: inputenc 2015/03/17 v1.2c Input encoding file
\inpenc@prehook=\toks19
\inpenc@posthook=\toks20

("C:\Users\WeslenSchiavon\AppData\Local\Programs\MiKTeX 2.9\tex\latex\base\utf8
.def"
File: utf8.def 2017/01/28 v1.1t UTF-8 support for inputenc
Now handling font encoding OML ...
... no UTF-8 mapping file for font encoding OML
Now handling font encoding T1 ...
... processing UTF-8 mapping file for font encoding T1

("C:\Users\WeslenSchiavon\AppData\Local\Programs\MiKTeX 2.9\tex\latex\base\t1en
c.dfu"
File: t1enc.dfu 2017/01/28 v1.1t UTF-8 support for inputenc
   defining Unicode char U+00A0 (decimal 160)
   defining Unicode char U+00A1 (decimal 161)
   defining Unicode char U+00A3 (decimal 163)
   defining Unicode char U+00AB (decimal 171)
   defining Unicode char U+00AD (decimal 173)
   defining Unicode char U+00BB (decimal 187)
   defining Unicode char U+00BF (decimal 191)
   defining Unicode char U+00C0 (decimal 192)
   defining Unicode char U+00C1 (decimal 193)
   defining Unicode char U+00C2 (decimal 194)
   defining Unicode char U+00C3 (decimal 195)
   defining Unicode char U+00C4 (decimal 196)
   defining Unicode char U+00C5 (decimal 197)
   defining Unicode char U+00C6 (decimal 198)
   defining Unicode char U+00C7 (decimal 199)
   defining Unicode char U+00C8 (decimal 200)
   defining Unicode char U+00C9 (decimal 201)
   defining Unicode char U+00CA (decimal 202)
   defining Unicode char U+00CB (decimal 203)
   defining Unicode char U+00CC (decimal 204)
   defining Unicode char U+00CD (decimal 205)
   defining Unicode char U+00CE (decimal 206)
   defining Unicode char U+00CF (decimal 207)
   defining Unicode char U+00D0 (decimal 208)
   defining Unicode char U+00D1 (decimal 209)
   defining Unicode char U+00D2 (decimal 210)
   defining Unicode char U+00D3 (decimal 211)
   defining Unicode char U+00D4 (decimal 212)
   defining Unicode char U+00D5 (decimal 213)
   defining Unicode char U+00D6 (decimal 214)
   defining Unicode char U+00D8 (decimal 216)
   defining Unicode char U+00D9 (decimal 217)
   defining Unicode char U+00DA (decimal 218)
   defining Unicode char U+00DB (decimal 219)
   defining Unicode char U+00DC (decimal 220)
   defining Unicode char U+00DD (decimal 221)
   defining Unicode char U+00DE (decimal 222)
   defining Unicode char U+00DF (decimal 223)
   defining Unicode char U+00E0 (decimal 224)
   defining Unicode char U+00E1 (decimal 225)
   defining Unicode char U+00E2 (decimal 226)
   defining Unicode char U+00E3 (decimal 227)
   defining Unicode char U+00E4 (decimal 228)
   defining Unicode char U+00E5 (decimal 229)
   defining Unicode char U+00E6 (decimal 230)
   defining Unicode char U+00E7 (decimal 231)
   defining Unicode char U+00E8 (decimal 232)
   defining Unicode char U+00E9 (decimal 233)
   defining Unicode char U+00EA (decimal 234)
   defining Unicode char U+00EB (decimal 235)
   defining Unicode char U+00EC (decimal 236)
   defining Unicode char U+00ED (decimal 237)
   defining Unicode char U+00EE (decimal 238)
   defining Unicode char U+00EF (decimal 239)
   defining Unicode char U+00F0 (decimal 240)
   defining Unicode char U+00F1 (decimal 241)
   defining Unicode char U+00F2 (decimal 242)
   defining Unicode char U+00F3 (decimal 243)
   defining Unicode char U+00F4 (decimal 244)
   defining Unicode char U+00F5 (decimal 245)
   defining Unicode char U+00F6 (decimal 246)
   defining Unicode char U+00F8 (decimal 248)
   defining Unicode char U+00F9 (decimal 249)
   defining Unicode char U+00FA (decimal 250)
   defining Unicode char U+00FB (decimal 251)
   defining Unicode char U+00FC (decimal 252)
   defining Unicode char U+00FD (decimal 253)
   defining Unicode char U+00FE (decimal 254)
   defining Unicode char U+00FF (decimal 255)
   defining Unicode char U+0100 (decimal 256)
   defining Unicode char U+0101 (decimal 257)
   defining Unicode char U+0102 (decimal 258)
   defining Unicode char U+0103 (decimal 259)
   defining Unicode char U+0104 (decimal 260)
   defining Unicode char U+0105 (decimal 261)
   defining Unicode char U+0106 (decimal 262)
   defining Unicode char U+0107 (decimal 263)
   defining Unicode char U+0108 (decimal 264)
   defining Unicode char U+0109 (decimal 265)
   defining Unicode char U+010A (decimal 266)
   defining Unicode char U+010B (decimal 267)
   defining Unicode char U+010C (decimal 268)
   defining Unicode char U+010D (decimal 269)
   defining Unicode char U+010E (decimal 270)
   defining Unicode char U+010F (decimal 271)
   defining Unicode char U+0110 (decimal 272)
   defining Unicode char U+0111 (decimal 273)
   defining Unicode char U+0112 (decimal 274)
   defining Unicode char U+0113 (decimal 275)
   defining Unicode char U+0114 (decimal 276)
   defining Unicode char U+0115 (decimal 277)
   defining Unicode char U+0116 (decimal 278)
   defining Unicode char U+0117 (decimal 279)
   defining Unicode char U+0118 (decimal 280)
   defining Unicode char U+0119 (decimal 281)
   defining Unicode char U+011A (decimal 282)
   defining Unicode char U+011B (decimal 283)
   defining Unicode char U+011C (decimal 284)
   defining Unicode char U+011D (decimal 285)
   defining Unicode char U+011E (decimal 286)
   defining Unicode char U+011F (decimal 287)
   defining Unicode char U+0120 (decimal 288)
   defining Unicode char U+0121 (decimal 289)
   defining Unicode char U+0122 (decimal 290)
   defining Unicode char U+0123 (decimal 291)
   defining Unicode char U+0124 (decimal 292)
   defining Unicode char U+0125 (decimal 293)
   defining Unicode char U+0128 (decimal 296)
   defining Unicode char U+0129 (decimal 297)
   defining Unicode char U+012A (decimal 298)
   defining Unicode char U+012B (decimal 299)
   defining Unicode char U+012C (decimal 300)
   defining Unicode char U+012D (decimal 301)
   defining Unicode char U+012E (decimal 302)
   defining Unicode char U+012F (decimal 303)
   defining Unicode char U+0130 (decimal 304)
   defining Unicode char U+0131 (decimal 305)
   defining Unicode char U+0132 (decimal 306)
   defining Unicode char U+0133 (decimal 307)
   defining Unicode char U+0134 (decimal 308)
   defining Unicode char U+0135 (decimal 309)
   defining Unicode char U+0136 (decimal 310)
   defining Unicode char U+0137 (decimal 311)
   defining Unicode char U+0139 (decimal 313)
   defining Unicode char U+013A (decimal 314)
   defining Unicode char U+013B (decimal 315)
   defining Unicode char U+013C (decimal 316)
   defining Unicode char U+013D (decimal 317)
   defining Unicode char U+013E (decimal 318)
   defining Unicode char U+0141 (decimal 321)
   defining Unicode char U+0142 (decimal 322)
   defining Unicode char U+0143 (decimal 323)
   defining Unicode char U+0144 (decimal 324)
   defining Unicode char U+0145 (decimal 325)
   defining Unicode char U+0146 (decimal 326)
   defining Unicode char U+0147 (decimal 327)
   defining Unicode char U+0148 (decimal 328)
   defining Unicode char U+014A (decimal 330)
   defining Unicode char U+014B (decimal 331)
   defining Unicode char U+014C (decimal 332)
   defining Unicode char U+014D (decimal 333)
   defining Unicode char U+014E (decimal 334)
   defining Unicode char U+014F (decimal 335)
   defining Unicode char U+0150 (decimal 336)
   defining Unicode char U+0151 (decimal 337)
   defining Unicode char U+0152 (decimal 338)
   defining Unicode char U+0153 (decimal 339)
   defining Unicode char U+0154 (decimal 340)
   defining Unicode char U+0155 (decimal 341)
   defining Unicode char U+0156 (decimal 342)
   defining Unicode char U+0157 (decimal 343)
   defining Unicode char U+0158 (decimal 344)
   defining Unicode char U+0159 (decimal 345)
   defining Unicode char U+015A (decimal 346)
   defining Unicode char U+015B (decimal 347)
   defining Unicode char U+015C (decimal 348)
   defining Unicode char U+015D (decimal 349)
   defining Unicode char U+015E (decimal 350)
   defining Unicode char U+015F (decimal 351)
   defining Unicode char U+0160 (decimal 352)
   defining Unicode char U+0161 (decimal 353)
   defining Unicode char U+0162 (decimal 354)
   defining Unicode char U+0163 (decimal 355)
   defining Unicode char U+0164 (decimal 356)
   defining Unicode char U+0165 (decimal 357)
   defining Unicode char U+0168 (decimal 360)
   defining Unicode char U+0169 (decimal 361)
   defining Unicode char U+016A (decimal 362)
   defining Unicode char U+016B (decimal 363)
   defining Unicode char U+016C (decimal 364)
   defining Unicode char U+016D (decimal 365)
   defining Unicode char U+016E (decimal 366)
   defining Unicode char U+016F (decimal 367)
   defining Unicode char U+0170 (decimal 368)
   defining Unicode char U+0171 (decimal 369)
   defining Unicode char U+0172 (decimal 370)
   defining Unicode char U+0173 (decimal 371)
   defining Unicode char U+0174 (decimal 372)
   defining Unicode char U+0175 (decimal 373)
   defining Unicode char U+0176 (decimal 374)
   defining Unicode char U+0177 (decimal 375)
   defining Unicode char U+0178 (decimal 376)
   defining Unicode char U+0179 (decimal 377)
   defining Unicode char U+017A (decimal 378)
   defining Unicode char U+017B (decimal 379)
   defining Unicode char U+017C (decimal 380)
   defining Unicode char U+017D (decimal 381)
   defining Unicode char U+017E (decimal 382)
   defining Unicode char U+01CD (decimal 461)
   defining Unicode char U+01CE (decimal 462)
   defining Unicode char U+01CF (decimal 463)
   defining Unicode char U+01D0 (decimal 464)
   defining Unicode char U+01D1 (decimal 465)
   defining Unicode char U+01D2 (decimal 466)
   defining Unicode char U+01D3 (decimal 467)
   defining Unicode char U+01D4 (decimal 468)
   defining Unicode char U+01E2 (decimal 482)
   defining Unicode char U+01E3 (decimal 483)
   defining Unicode char U+01E6 (decimal 486)
   defining Unicode char U+01E7 (decimal 487)
   defining Unicode char U+01E8 (decimal 488)
   defining Unicode char U+01E9 (decimal 489)
   defining Unicode char U+01EA (decimal 490)
   defining Unicode char U+01EB (decimal 491)
   defining Unicode char U+01F0 (decimal 496)
   defining Unicode char U+01F4 (decimal 500)
   defining Unicode char U+01F5 (decimal 501)
   defining Unicode char U+0218 (decimal 536)
   defining Unicode char U+0219 (decimal 537)
   defining Unicode char U+021A (decimal 538)
   defining Unicode char U+021B (decimal 539)
   defining Unicode char U+0232 (decimal 562)
   defining Unicode char U+0233 (decimal 563)
   defining Unicode char U+1E02 (decimal 7682)
   defining Unicode char U+1E03 (decimal 7683)
   defining Unicode char U+200C (decimal 8204)
   defining Unicode char U+2010 (decimal 8208)
   defining Unicode char U+2011 (decimal 8209)
   defining Unicode char U+2012 (decimal 8210)
   defining Unicode char U+2013 (decimal 8211)
   defining Unicode char U+2014 (decimal 8212)
   defining Unicode char U+2015 (decimal 8213)
   defining Unicode char U+2018 (decimal 8216)
   defining Unicode char U+2019 (decimal 8217)
   defining Unicode char U+201A (decimal 8218)
   defining Unicode char U+201C (decimal 8220)
   defining Unicode char U+201D (decimal 8221)
   defining Unicode char U+201E (decimal 8222)
   defining Unicode char U+2030 (decimal 8240)
   defining Unicode char U+2031 (decimal 8241)
   defining Unicode char U+2039 (decimal 8249)
   defining Unicode char U+203A (decimal 8250)
   defining Unicode char U+2423 (decimal 9251)
   defining Unicode char U+1E20 (decimal 7712)
   defining Unicode char U+1E21 (decimal 7713)
)
Now handling font encoding OT1 ...
... processing UTF-8 mapping file for font encoding OT1

("C:\Users\WeslenSchiavon\AppData\Local\Programs\MiKTeX 2.9\tex\latex\base\ot1e
nc.dfu"
File: ot1enc.dfu 2017/01/28 v1.1t UTF-8 support for inputenc
   defining Unicode char U+00A0 (decimal 160)
   defining Unicode char U+00A1 (decimal 161)
   defining Unicode char U+00A3 (decimal 163)
   defining Unicode char U+00AD (decimal 173)
   defining Unicode char U+00B8 (decimal 184)
   defining Unicode char U+00BF (decimal 191)
   defining Unicode char U+00C5 (decimal 197)
   defining Unicode char U+00C6 (decimal 198)
   defining Unicode char U+00D8 (decimal 216)
   defining Unicode char U+00DF (decimal 223)
   defining Unicode char U+00E6 (decimal 230)
   defining Unicode char U+00EC (decimal 236)
   defining Unicode char U+00ED (decimal 237)
   defining Unicode char U+00EE (decimal 238)
   defining Unicode char U+00EF (decimal 239)
   defining Unicode char U+00F8 (decimal 248)
   defining Unicode char U+0131 (decimal 305)
   defining Unicode char U+0141 (decimal 321)
   defining Unicode char U+0142 (decimal 322)
   defining Unicode char U+0152 (decimal 338)
   defining Unicode char U+0153 (decimal 339)
   defining Unicode char U+0174 (decimal 372)
   defining Unicode char U+0175 (decimal 373)
   defining Unicode char U+0176 (decimal 374)
   defining Unicode char U+0177 (decimal 375)
   defining Unicode char U+0218 (decimal 536)
   defining Unicode char U+0219 (decimal 537)
   defining Unicode char U+021A (decimal 538)
   defining Unicode char U+021B (decimal 539)
   defining Unicode char U+2013 (decimal 8211)
   defining Unicode char U+2014 (decimal 8212)
   defining Unicode char U+2018 (decimal 8216)
   defining Unicode char U+2019 (decimal 8217)
   defining Unicode char U+201C (decimal 8220)
   defining Unicode char U+201D (decimal 8221)
)
Now handling font encoding OMS ...
... processing UTF-8 mapping file for font encoding OMS

("C:\Users\WeslenSchiavon\AppData\Local\Programs\MiKTeX 2.9\tex\latex\base\omse
nc.dfu"
File: omsenc.dfu 2017/01/28 v1.1t UTF-8 support for inputenc
   defining Unicode char U+00A7 (decimal 167)
   defining Unicode char U+00B6 (decimal 182)
   defining Unicode char U+00B7 (decimal 183)
   defining Unicode char U+2020 (decimal 8224)
   defining Unicode char U+2021 (decimal 8225)
   defining Unicode char U+2022 (decimal 8226)
)
Now handling font encoding OMX ...
... no UTF-8 mapping file for font encoding OMX
Now handling font encoding U ...
... no UTF-8 mapping file for font encoding U
Now handling font encoding PD1 ...
... no UTF-8 mapping file for font encoding PD1
   defining Unicode char U+00A9 (decimal 169)
   defining Unicode char U+00AA (decimal 170)
   defining Unicode char U+00AE (decimal 174)
   defining Unicode char U+00BA (decimal 186)
   defining Unicode char U+02C6 (decimal 710)
   defining Unicode char U+02DC (decimal 732)
   defining Unicode char U+200C (decimal 8204)
   defining Unicode char U+2026 (decimal 8230)
   defining Unicode char U+2122 (decimal 8482)
   defining Unicode char U+2423 (decimal 9251)
))
("C:\Users\WeslenSchiavon\AppData\Local\Programs\MiKTeX 2.9\tex\latex\graphics\
graphicx.sty"
Package: graphicx 2017/06/01 v1.1a Enhanced LaTeX Graphics (DPC,SPQR)

("C:\Users\WeslenSchiavon\AppData\Local\Programs\MiKTeX 2.9\tex\latex\graphics\
graphics.sty"
Package: graphics 2017/06/25 v1.2c Standard LaTeX Graphics (DPC,SPQR)

("C:\Users\WeslenSchiavon\AppData\Local\Programs\MiKTeX 2.9\tex\latex\graphics\
trig.sty"
Package: trig 2016/01/03 v1.10 sin cos tan (DPC)
)
("C:\Users\WeslenSchiavon\AppData\Local\Programs\MiKTeX 2.9\tex\latex\graphics-
cfg\graphics.cfg"
File: graphics.cfg 2016/06/04 v1.11 sample graphics configuration
)
Package graphics Info: Driver file: pdftex.def on input line 99.
)
\Gin@req@height=\dimen125
\Gin@req@width=\dimen126
)
Package hyperref Info: Option `unicode' set `true' on input line 14.

("C:\Users\WeslenSchiavon\AppData\Local\Programs\MiKTeX 2.9\tex\latex\hyperref\
puenc.def"
File: puenc.def 2018/02/06 v6.86b Hyperref: PDF Unicode definition (HO)
Now handling font encoding PU ...
... no UTF-8 mapping file for font encoding PU
)
("C:\Users\WeslenSchiavon\AppData\Local\Programs\MiKTeX 2.9\tex\latex\tools\tab
ularx.sty"
Package: tabularx 2016/02/03 v2.11 `tabularx' package (DPC)
\TX@col@width=\dimen127
\TX@old@table=\dimen128
\TX@old@col=\dimen129
\TX@target=\dimen130
\TX@delta=\dimen131
\TX@cols=\count112
\TX@ftn=\toks21
)
("C:\Users\WeslenSchiavon\AppData\Local\Programs\MiKTeX 2.9\tex\latex\tablefoot
note\tablefootnote.sty"
Package: tablefootnote 2014/01/26 v1.1c Table foot notes (HMM)

("C:\Users\WeslenSchiavon\AppData\Local\Programs\MiKTeX 2.9\tex\latex\xifthen\x
ifthen.sty"
Package: xifthen 2015/11/05 v1.4.0 Extended ifthen features

("C:\Users\WeslenSchiavon\AppData\Local\Programs\MiKTeX 2.9\tex\latex\tools\cal
c.sty"
Package: calc 2014/10/28 v4.3 Infix arithmetic (KKT,FJ)
\calc@Acount=\count113
\calc@Bcount=\count114
\calc@Adimen=\dimen132
\calc@Bdimen=\dimen133
\calc@Askip=\skip53
\calc@Bskip=\skip54
LaTeX Info: Redefining \setlength on input line 80.
LaTeX Info: Redefining \addtolength on input line 81.
\calc@Ccount=\count115
\calc@Cskip=\skip55
)
("C:\Users\WeslenSchiavon\AppData\Local\Programs\MiKTeX 2.9\tex\latex\base\ifth
en.sty"
Package: ifthen 2014/09/29 v1.1c Standard LaTeX ifthen package (DPC)
)
("C:\Users\WeslenSchiavon\AppData\Local\Programs\MiKTeX 2.9\tex\latex\ifmtarg\i
fmtarg.sty"
Package: ifmtarg 2018/04/16 v1.2b check for an empty argument
))
("C:\Users\WeslenSchiavon\AppData\Local\Programs\MiKTeX 2.9\tex\latex\etoolbox\
etoolbox.sty"
Package: etoolbox 2018/08/19 v2.5f e-TeX tools for LaTeX (JAW)
\etb@tempcnta=\count116
))
("C:\Users\WeslenSchiavon\AppData\Local\Programs\MiKTeX 2.9\tex\latex\oberdiek\
pdflscape.sty"
Package: pdflscape 2016/05/14 v0.11 Display of landscape pages in PDF (HO)

("C:\Users\WeslenSchiavon\AppData\Local\Programs\MiKTeX 2.9\tex\latex\graphics\
lscape.sty"
Package: lscape 2000/10/22 v3.01 Landscape Pages (DPC)
)
Package pdflscape Info: Auto-detected driver: pdftex on input line 81.
)
("C:\Users\WeslenSchiavon\AppData\Local\Programs\MiKTeX 2.9\tex\latex\tools\aft
erpage.sty"
Package: afterpage 2014/10/28 v1.08 After-Page Package (DPC)
\AP@output=\toks22
\AP@partial=\box26
\AP@footins=\box27
)
("C:\Users\WeslenSchiavon\AppData\Local\Programs\MiKTeX 2.9\tex\latex\capt-of\c
apt-of.sty"
Package: capt-of 2009/12/29 v0.2 standard captions outside of floats
)
("C:\Users\WeslenSchiavon\AppData\Local\Programs\MiKTeX 2.9\tex\latex\todonotes
\todonotes.sty"
Package: todonotes 2015/07/09 .dtx Todonotes source and documentation.
Package: todonotes 2012/07/25

("C:\Users\WeslenSchiavon\AppData\Local\Programs\MiKTeX 2.9\tex\latex\xkeyval\x
keyval.sty"
Package: xkeyval 2014/12/03 v2.7a package option processing (HA)

("C:\Users\WeslenSchiavon\AppData\Local\Programs\MiKTeX 2.9\tex\generic\xkeyval
\xkeyval.tex"
("C:\Users\WeslenSchiavon\AppData\Local\Programs\MiKTeX 2.9\tex\generic\xkeyval
\xkvutils.tex"
\XKV@toks=\toks23
\XKV@tempa@toks=\toks24
)
\XKV@depth=\count117
File: xkeyval.tex 2014/12/03 v2.7a key=value parser (HA)
))
("C:\Users\WeslenSchiavon\AppData\Local\Programs\MiKTeX 2.9\tex\latex\pgf\front
endlayer\tikz.sty"
("C:\Users\WeslenSchiavon\AppData\Local\Programs\MiKTeX 2.9\tex\latex\pgf\basic
layer\pgf.sty"
("C:\Users\WeslenSchiavon\AppData\Local\Programs\MiKTeX 2.9\tex\latex\pgf\utili
ties\pgfrcs.sty"
("C:\Users\WeslenSchiavon\AppData\Local\Programs\MiKTeX 2.9\tex\generic\pgf\uti
lities\pgfutil-common.tex"
\pgfutil@everybye=\toks25
\pgfutil@tempdima=\dimen134
\pgfutil@tempdimb=\dimen135

("C:\Users\WeslenSchiavon\AppData\Local\Programs\MiKTeX 2.9\tex\generic\pgf\uti
lities\pgfutil-common-lists.tex"))
("C:\Users\WeslenSchiavon\AppData\Local\Programs\MiKTeX 2.9\tex\generic\pgf\uti
lities\pgfutil-latex.def"
\pgfutil@abb=\box28

("C:\Users\WeslenSchiavon\AppData\Local\Programs\MiKTeX 2.9\tex\latex\ms\everys
hi.sty"
Package: everyshi 2001/05/15 v3.00 EveryShipout Package (MS)
))
("C:\Users\WeslenSchiavon\AppData\Local\Programs\MiKTeX 2.9\tex\generic\pgf\uti
lities\pgfrcs.code.tex"
Package: pgfrcs 2015/08/07 v3.0.1a (rcs-revision 1.31)
))
Package: pgf 2015/08/07 v3.0.1a (rcs-revision 1.15)

("C:\Users\WeslenSchiavon\AppData\Local\Programs\MiKTeX 2.9\tex\latex\pgf\basic
layer\pgfcore.sty"
("C:\Users\WeslenSchiavon\AppData\Local\Programs\MiKTeX 2.9\tex\latex\pgf\syste
mlayer\pgfsys.sty"
("C:\Users\WeslenSchiavon\AppData\Local\Programs\MiKTeX 2.9\tex\generic\pgf\sys
temlayer\pgfsys.code.tex"
Package: pgfsys 2014/07/09 v3.0.1a (rcs-revision 1.48)

("C:\Users\WeslenSchiavon\AppData\Local\Programs\MiKTeX 2.9\tex\generic\pgf\uti
lities\pgfkeys.code.tex"
\pgfkeys@pathtoks=\toks26
\pgfkeys@temptoks=\toks27

("C:\Users\WeslenSchiavon\AppData\Local\Programs\MiKTeX 2.9\tex\generic\pgf\uti
lities\pgfkeysfiltered.code.tex"
\pgfkeys@tmptoks=\toks28
))
\pgf@x=\dimen136
\pgf@y=\dimen137
\pgf@xa=\dimen138
\pgf@ya=\dimen139
\pgf@xb=\dimen140
\pgf@yb=\dimen141
\pgf@xc=\dimen142
\pgf@yc=\dimen143
\w@pgf@writea=\write3
\r@pgf@reada=\read1
\c@pgf@counta=\count118
\c@pgf@countb=\count119
\c@pgf@countc=\count120
\c@pgf@countd=\count121
\t@pgf@toka=\toks29
\t@pgf@tokb=\toks30
\t@pgf@tokc=\toks31

("C:\Users\WeslenSchiavon\AppData\Local\Programs\MiKTeX 2.9\tex\generic\pgf\sys
temlayer\pgf.cfg"
File: pgf.cfg 2008/05/14  (rcs-revision 1.7)
)
Driver file for pgf: pgfsys-pdftex.def

("C:\Users\WeslenSchiavon\AppData\Local\Programs\MiKTeX 2.9\tex\generic\pgf\sys
temlayer\pgfsys-pdftex.def"
File: pgfsys-pdftex.def 2014/10/11  (rcs-revision 1.35)

("C:\Users\WeslenSchiavon\AppData\Local\Programs\MiKTeX 2.9\tex\generic\pgf\sys
temlayer\pgfsys-common-pdf.def"
File: pgfsys-common-pdf.def 2013/10/10  (rcs-revision 1.13)
)))
("C:\Users\WeslenSchiavon\AppData\Local\Programs\MiKTeX 2.9\tex\generic\pgf\sys
temlayer\pgfsyssoftpath.code.tex"
File: pgfsyssoftpath.code.tex 2013/09/09  (rcs-revision 1.9)
\pgfsyssoftpath@smallbuffer@items=\count122
\pgfsyssoftpath@bigbuffer@items=\count123
)
("C:\Users\WeslenSchiavon\AppData\Local\Programs\MiKTeX 2.9\tex\generic\pgf\sys
temlayer\pgfsysprotocol.code.tex"
File: pgfsysprotocol.code.tex 2006/10/16  (rcs-revision 1.4)
))
("C:\Users\WeslenSchiavon\AppData\Local\Programs\MiKTeX 2.9\tex\generic\pgf\bas
iclayer\pgfcore.code.tex"
Package: pgfcore 2010/04/11 v3.0.1a (rcs-revision 1.7)

("C:\Users\WeslenSchiavon\AppData\Local\Programs\MiKTeX 2.9\tex\generic\pgf\mat
h\pgfmath.code.tex"
("C:\Users\WeslenSchiavon\AppData\Local\Programs\MiKTeX 2.9\tex\generic\pgf\mat
h\pgfmathcalc.code.tex"
("C:\Users\WeslenSchiavon\AppData\Local\Programs\MiKTeX 2.9\tex\generic\pgf\mat
h\pgfmathutil.code.tex")
("C:\Users\WeslenSchiavon\AppData\Local\Programs\MiKTeX 2.9\tex\generic\pgf\mat
h\pgfmathparser.code.tex"
\pgfmath@dimen=\dimen144
\pgfmath@count=\count124
\pgfmath@box=\box29
\pgfmath@toks=\toks32
\pgfmath@stack@operand=\toks33
\pgfmath@stack@operation=\toks34
)
("C:\Users\WeslenSchiavon\AppData\Local\Programs\MiKTeX 2.9\tex\generic\pgf\mat
h\pgfmathfunctions.code.tex"
("C:\Users\WeslenSchiavon\AppData\Local\Programs\MiKTeX 2.9\tex\generic\pgf\mat
h\pgfmathfunctions.basic.code.tex")
("C:\Users\WeslenSchiavon\AppData\Local\Programs\MiKTeX 2.9\tex\generic\pgf\mat
h\pgfmathfunctions.trigonometric.code.tex")
("C:\Users\WeslenSchiavon\AppData\Local\Programs\MiKTeX 2.9\tex\generic\pgf\mat
h\pgfmathfunctions.random.code.tex")
("C:\Users\WeslenSchiavon\AppData\Local\Programs\MiKTeX 2.9\tex\generic\pgf\mat
h\pgfmathfunctions.comparison.code.tex")
("C:\Users\WeslenSchiavon\AppData\Local\Programs\MiKTeX 2.9\tex\generic\pgf\mat
h\pgfmathfunctions.base.code.tex")
("C:\Users\WeslenSchiavon\AppData\Local\Programs\MiKTeX 2.9\tex\generic\pgf\mat
h\pgfmathfunctions.round.code.tex")
("C:\Users\WeslenSchiavon\AppData\Local\Programs\MiKTeX 2.9\tex\generic\pgf\mat
h\pgfmathfunctions.misc.code.tex")
("C:\Users\WeslenSchiavon\AppData\Local\Programs\MiKTeX 2.9\tex\generic\pgf\mat
h\pgfmathfunctions.integerarithmetics.code.tex")))
("C:\Users\WeslenSchiavon\AppData\Local\Programs\MiKTeX 2.9\tex\generic\pgf\mat
h\pgfmathfloat.code.tex"
\c@pgfmathroundto@lastzeros=\count125
))
("C:\Users\WeslenSchiavon\AppData\Local\Programs\MiKTeX 2.9\tex\generic\pgf\bas
iclayer\pgfcorepoints.code.tex"
File: pgfcorepoints.code.tex 2013/10/07  (rcs-revision 1.27)
\pgf@picminx=\dimen145
\pgf@picmaxx=\dimen146
\pgf@picminy=\dimen147
\pgf@picmaxy=\dimen148
\pgf@pathminx=\dimen149
\pgf@pathmaxx=\dimen150
\pgf@pathminy=\dimen151
\pgf@pathmaxy=\dimen152
\pgf@xx=\dimen153
\pgf@xy=\dimen154
\pgf@yx=\dimen155
\pgf@yy=\dimen156
\pgf@zx=\dimen157
\pgf@zy=\dimen158
)
("C:\Users\WeslenSchiavon\AppData\Local\Programs\MiKTeX 2.9\tex\generic\pgf\bas
iclayer\pgfcorepathconstruct.code.tex"
File: pgfcorepathconstruct.code.tex 2013/10/07  (rcs-revision 1.29)
\pgf@path@lastx=\dimen159
\pgf@path@lasty=\dimen160
)
("C:\Users\WeslenSchiavon\AppData\Local\Programs\MiKTeX 2.9\tex\generic\pgf\bas
iclayer\pgfcorepathusage.code.tex"
File: pgfcorepathusage.code.tex 2014/11/02  (rcs-revision 1.24)
\pgf@shorten@end@additional=\dimen161
\pgf@shorten@start@additional=\dimen162
)
("C:\Users\WeslenSchiavon\AppData\Local\Programs\MiKTeX 2.9\tex\generic\pgf\bas
iclayer\pgfcorescopes.code.tex"
File: pgfcorescopes.code.tex 2015/05/08  (rcs-revision 1.46)
\pgfpic=\box30
\pgf@hbox=\box31
\pgf@layerbox@main=\box32
\pgf@picture@serial@count=\count126
)
("C:\Users\WeslenSchiavon\AppData\Local\Programs\MiKTeX 2.9\tex\generic\pgf\bas
iclayer\pgfcoregraphicstate.code.tex"
File: pgfcoregraphicstate.code.tex 2014/11/02  (rcs-revision 1.12)
\pgflinewidth=\dimen163
)
("C:\Users\WeslenSchiavon\AppData\Local\Programs\MiKTeX 2.9\tex\generic\pgf\bas
iclayer\pgfcoretransformations.code.tex"
File: pgfcoretransformations.code.tex 2015/08/07  (rcs-revision 1.20)
\pgf@pt@x=\dimen164
\pgf@pt@y=\dimen165
\pgf@pt@temp=\dimen166
)
("C:\Users\WeslenSchiavon\AppData\Local\Programs\MiKTeX 2.9\tex\generic\pgf\bas
iclayer\pgfcorequick.code.tex"
File: pgfcorequick.code.tex 2008/10/09  (rcs-revision 1.3)
)
("C:\Users\WeslenSchiavon\AppData\Local\Programs\MiKTeX 2.9\tex\generic\pgf\bas
iclayer\pgfcoreobjects.code.tex"
File: pgfcoreobjects.code.tex 2006/10/11  (rcs-revision 1.2)
)
("C:\Users\WeslenSchiavon\AppData\Local\Programs\MiKTeX 2.9\tex\generic\pgf\bas
iclayer\pgfcorepathprocessing.code.tex"
File: pgfcorepathprocessing.code.tex 2013/09/09  (rcs-revision 1.9)
)
("C:\Users\WeslenSchiavon\AppData\Local\Programs\MiKTeX 2.9\tex\generic\pgf\bas
iclayer\pgfcorearrows.code.tex"
File: pgfcorearrows.code.tex 2015/05/14  (rcs-revision 1.43)
\pgfarrowsep=\dimen167
)
("C:\Users\WeslenSchiavon\AppData\Local\Programs\MiKTeX 2.9\tex\generic\pgf\bas
iclayer\pgfcoreshade.code.tex"
File: pgfcoreshade.code.tex 2013/07/15  (rcs-revision 1.15)
\pgf@max=\dimen168
\pgf@sys@shading@range@num=\count127
)
("C:\Users\WeslenSchiavon\AppData\Local\Programs\MiKTeX 2.9\tex\generic\pgf\bas
iclayer\pgfcoreimage.code.tex"
File: pgfcoreimage.code.tex 2013/07/15  (rcs-revision 1.18)

("C:\Users\WeslenSchiavon\AppData\Local\Programs\MiKTeX 2.9\tex\generic\pgf\bas
iclayer\pgfcoreexternal.code.tex"
File: pgfcoreexternal.code.tex 2014/07/09  (rcs-revision 1.21)
\pgfexternal@startupbox=\box33
))
("C:\Users\WeslenSchiavon\AppData\Local\Programs\MiKTeX 2.9\tex\generic\pgf\bas
iclayer\pgfcorelayers.code.tex"
File: pgfcorelayers.code.tex 2013/07/18  (rcs-revision 1.7)
)
("C:\Users\WeslenSchiavon\AppData\Local\Programs\MiKTeX 2.9\tex\generic\pgf\bas
iclayer\pgfcoretransparency.code.tex"
File: pgfcoretransparency.code.tex 2013/09/30  (rcs-revision 1.5)
)
("C:\Users\WeslenSchiavon\AppData\Local\Programs\MiKTeX 2.9\tex\generic\pgf\bas
iclayer\pgfcorepatterns.code.tex"
File: pgfcorepatterns.code.tex 2013/11/07  (rcs-revision 1.5)
)))
("C:\Users\WeslenSchiavon\AppData\Local\Programs\MiKTeX 2.9\tex\generic\pgf\mod
ules\pgfmoduleshapes.code.tex"
File: pgfmoduleshapes.code.tex 2014/03/21  (rcs-revision 1.35)
\pgfnodeparttextbox=\box34
)
("C:\Users\WeslenSchiavon\AppData\Local\Programs\MiKTeX 2.9\tex\generic\pgf\mod
ules\pgfmoduleplot.code.tex"
File: pgfmoduleplot.code.tex 2015/08/03  (rcs-revision 1.13)
)
("C:\Users\WeslenSchiavon\AppData\Local\Programs\MiKTeX 2.9\tex\latex\pgf\compa
tibility\pgfcomp-version-0-65.sty"
Package: pgfcomp-version-0-65 2007/07/03 v3.0.1a (rcs-revision 1.7)
\pgf@nodesepstart=\dimen169
\pgf@nodesepend=\dimen170
)
("C:\Users\WeslenSchiavon\AppData\Local\Programs\MiKTeX 2.9\tex\latex\pgf\compa
tibility\pgfcomp-version-1-18.sty"
Package: pgfcomp-version-1-18 2007/07/23 v3.0.1a (rcs-revision 1.1)
))
("C:\Users\WeslenSchiavon\AppData\Local\Programs\MiKTeX 2.9\tex\latex\pgf\utili
ties\pgffor.sty"
("C:\Users\WeslenSchiavon\AppData\Local\Programs\MiKTeX 2.9\tex\latex\pgf\utili
ties\pgfkeys.sty"
("C:\Users\WeslenSchiavon\AppData\Local\Programs\MiKTeX 2.9\tex\generic\pgf\uti
lities\pgfkeys.code.tex"))
("C:\Users\WeslenSchiavon\AppData\Local\Programs\MiKTeX 2.9\tex\latex\pgf\math\
pgfmath.sty"
("C:\Users\WeslenSchiavon\AppData\Local\Programs\MiKTeX 2.9\tex\generic\pgf\mat
h\pgfmath.code.tex"))
("C:\Users\WeslenSchiavon\AppData\Local\Programs\MiKTeX 2.9\tex\generic\pgf\uti
lities\pgffor.code.tex"
Package: pgffor 2013/12/13 v3.0.1a (rcs-revision 1.25)

("C:\Users\WeslenSchiavon\AppData\Local\Programs\MiKTeX 2.9\tex\generic\pgf\mat
h\pgfmath.code.tex")
\pgffor@iter=\dimen171
\pgffor@skip=\dimen172
\pgffor@stack=\toks35
\pgffor@toks=\toks36
))
("C:\Users\WeslenSchiavon\AppData\Local\Programs\MiKTeX 2.9\tex\generic\pgf\fro
ntendlayer\tikz\tikz.code.tex"
Package: tikz 2015/08/07 v3.0.1a (rcs-revision 1.151)

("C:\Users\WeslenSchiavon\AppData\Local\Programs\MiKTeX 2.9\tex\generic\pgf\lib
raries\pgflibraryplothandlers.code.tex"
File: pgflibraryplothandlers.code.tex 2013/08/31 v3.0.1a (rcs-revision 1.20)
\pgf@plot@mark@count=\count128
\pgfplotmarksize=\dimen173
)
\tikz@lastx=\dimen174
\tikz@lasty=\dimen175
\tikz@lastxsaved=\dimen176
\tikz@lastysaved=\dimen177
\tikzleveldistance=\dimen178
\tikzsiblingdistance=\dimen179
\tikz@figbox=\box35
\tikz@figbox@bg=\box36
\tikz@tempbox=\box37
\tikz@tempbox@bg=\box38
\tikztreelevel=\count129
\tikznumberofchildren=\count130
\tikznumberofcurrentchild=\count131
\tikz@fig@count=\count132

("C:\Users\WeslenSchiavon\AppData\Local\Programs\MiKTeX 2.9\tex\generic\pgf\mod
ules\pgfmodulematrix.code.tex"
File: pgfmodulematrix.code.tex 2013/09/17  (rcs-revision 1.8)
\pgfmatrixcurrentrow=\count133
\pgfmatrixcurrentcolumn=\count134
\pgf@matrix@numberofcolumns=\count135
)
\tikz@expandcount=\count136

("C:\Users\WeslenSchiavon\AppData\Local\Programs\MiKTeX 2.9\tex\generic\pgf\fro
ntendlayer\tikz\libraries\tikzlibrarytopaths.code.tex"
File: tikzlibrarytopaths.code.tex 2008/06/17 v3.0.1a (rcs-revision 1.2)
)))
("C:\Users\WeslenSchiavon\AppData\Local\Programs\MiKTeX 2.9\tex\generic\pgf\fro
ntendlayer\tikz\libraries\tikzlibrarypositioning.code.tex"
File: tikzlibrarypositioning.code.tex 2008/10/06 v3.0.1a (rcs-revision 1.7)
)
\c@@todonotes@numberoftodonotes=\count137
)
(TI-Ricardo-Doutorado.aux)
\openout1 = `TI-Ricardo-Doutorado.aux'.

LaTeX Font Info:    Checking defaults for OML/cmm/m/it on input line 53.
LaTeX Font Info:    ... okay on input line 53.
LaTeX Font Info:    Checking defaults for T1/cmr/m/n on input line 53.
LaTeX Font Info:    ... okay on input line 53.
LaTeX Font Info:    Checking defaults for OT1/cmr/m/n on input line 53.
LaTeX Font Info:    ... okay on input line 53.
LaTeX Font Info:    Checking defaults for OMS/cmsy/m/n on input line 53.
LaTeX Font Info:    ... okay on input line 53.
LaTeX Font Info:    Checking defaults for OMX/cmex/m/n on input line 53.
LaTeX Font Info:    ... okay on input line 53.
LaTeX Font Info:    Checking defaults for U/cmr/m/n on input line 53.
LaTeX Font Info:    ... okay on input line 53.
LaTeX Font Info:    Checking defaults for PD1/pdf/m/n on input line 53.
LaTeX Font Info:    ... okay on input line 53.
LaTeX Font Info:    Checking defaults for PU/pdf/m/n on input line 53.
LaTeX Font Info:    ... okay on input line 53.
LaTeX Font Info:    Try loading font information for T1+phv on input line 53.

("C:\Users\WeslenSchiavon\AppData\Local\Programs\MiKTeX 2.9\tex\latex\psnfss\t1
phv.fd"
File: t1phv.fd 2001/06/04 scalable font definitions for T1/phv.
)
Package lastpage Info: Please have a look at the pageslts package at
(lastpage)             https://www.ctan.org/pkg/pageslts
(lastpage)             ! on input line 53.
\AtBeginShipoutBox=\box39

("C:\Users\WeslenSchiavon\AppData\Local\Programs\MiKTeX 2.9\tex\context\base\su
pp-pdf.mkii"
[Loading MPS to PDF converter (version 2006.09.02).]
\scratchcounter=\count138
\scratchdimen=\dimen180
\scratchbox=\box40
\nofMPsegments=\count139
\nofMParguments=\count140
\everyMPshowfont=\toks37
\MPscratchCnt=\count141
\MPscratchDim=\dimen181
\MPnumerator=\count142
\makeMPintoPDFobject=\count143
\everyMPtoPDFconversion=\toks38
)
("C:\Users\WeslenSchiavon\AppData\Local\Programs\MiKTeX 2.9\tex\latex\oberdiek\
epstopdf-base.sty"
Package: epstopdf-base 2016/05/15 v2.6 Base part for package epstopdf

("C:\Users\WeslenSchiavon\AppData\Local\Programs\MiKTeX 2.9\tex\latex\oberdiek\
grfext.sty"
Package: grfext 2016/05/16 v1.2 Manage graphics extensions (HO)
)
Package epstopdf-base Info: Redefining graphics rule for `.eps' on input line 4
38.
Package grfext Info: Graphics extension search list:
(grfext)             [.pdf,.png,.jpg,.mps,.jpeg,.jbig2,.jb2,.PDF,.PNG,.JPG,.JPE
G,.JBIG2,.JB2,.eps]
(grfext)             \AppendGraphicsExtensions on input line 456.
)
*geometry* driver: auto-detecting
*geometry* detected driver: pdftex
*geometry* verbose mode - [ preamble ] result:
* driver: pdftex
* paper: <default>
* layout: <same size as paper>
* layoutoffset:(h,v)=(0.0pt,0.0pt)
* modes: 
* h-part:(L,W,R)=(85.35826pt, 455.24411pt, 56.9055pt)
* v-part:(T,H,B)=(85.35826pt, 702.78308pt, 56.9055pt)
* \paperwidth=597.50787pt
* \paperheight=845.04684pt
* \textwidth=455.24411pt
* \textheight=702.78308pt
* \oddsidemargin=13.08827pt
* \evensidemargin=13.08827pt
* \topmargin=-23.91173pt
* \headheight=12.0pt
* \headsep=25.0pt
* \topskip=12.0pt
* \footskip=30.0pt
* \marginparwidth=35.0pt
* \marginparsep=10.0pt
* \columnsep=10.0pt
* \skip\footins=10.8pt plus 4.0pt minus 2.0pt
* \hoffset=0.0pt
* \voffset=0.0pt
* \mag=1000
* \@twocolumnfalse
* \@twosidefalse
* \@mparswitchfalse
* \@reversemarginfalse
* (1in=72.27pt=25.4mm, 1cm=28.453pt)

Package hyperref Info: Link coloring OFF on input line 53.

("C:\Users\WeslenSchiavon\AppData\Local\Programs\MiKTeX 2.9\tex\latex\hyperref\
nameref.sty"
Package: nameref 2016/05/21 v2.44 Cross-referencing by name of section

("C:\Users\WeslenSchiavon\AppData\Local\Programs\MiKTeX 2.9\tex\generic\oberdie
k\gettitlestring.sty"
Package: gettitlestring 2016/05/16 v1.5 Cleanup title references (HO)
)
\c@section@level=\count144
)
LaTeX Info: Redefining \ref on input line 53.
LaTeX Info: Redefining \pageref on input line 53.
LaTeX Info: Redefining \nameref on input line 53.
 (TI-Ricardo-Doutorado.out) (TI-Ricardo-Doutorado.out)
\@outlinefile=\write4
\openout4 = `TI-Ricardo-Doutorado.out'.

Package caption Info: Begin \AtBeginDocument code.
Package caption Info: Incompatible package detected (regarding \@caption).
(caption)             \@caption = \long macro:#1[#2]#3->\par \if@captionlisting
 \addcontentsline {\csname ext@#1\endcsname }{#1}{\protect \numberline {\csname
 fnum@#1\endcsname }{\ignorespaces #2}}\fi \begingroup \@parboxrestore \if@mini
page \@setminipage \fi \normalsize \@makecaption {\csname fnum@#1\endcsname }{\
ignorespaces #3}\par \endgroup .


Package caption Warning: \caption will not be redefined since it's already
(caption)                redefined by a document class or package which is
(caption)                unknown to the caption package.
See the caption package documentation for explanation.

Package caption Info: End \AtBeginDocument code.
ABD: EveryShipout initializing macros

Package todonotes Warning: The length marginparwidth is less than 2cm and will 
most likely cause issues with the appearance of inserted todonotes. The issue c
an be solved by adding a line like \setlength {\marginparwidth }{2cm} prior to 
loading the todonotes package. on input line 53.

LaTeX Font Info:    Font shape `T1/phv/bx/n' in size <12> not available
(Font)              Font shape `T1/phv/b/n' tried instead on input line 58.
LaTeX Font Info:    External font `cmex10' loaded for size
(Font)              <12> on input line 58.
LaTeX Font Info:    External font `cmex10' loaded for size
(Font)              <8> on input line 58.
LaTeX Font Info:    External font `cmex10' loaded for size
(Font)              <6> on input line 58.

Overfull \hbox (17.62482pt too wide) in paragraph at lines 58--58
[][] 
 []

Package babel Info: Redefining portuges shorthand "|
(babel)             in language  on input line 58.
Package babel Info: Redefining portuges shorthand "|
(babel)             in language  on input line 58.
[1

{C:/Users/WeslenSchiavon/AppData/Local/MiKTeX/2.9/pdftex/config/pdftex.map}]
LaTeX Font Info:    Font shape `T1/phv/bx/n' in size <16> not available
(Font)              Font shape `T1/phv/b/n' tried instead on input line 65.

Underfull \hbox (badness 10000) in paragraph at lines 65--67

 []

Package babel Info: Redefining portuges shorthand "|
(babel)             in language  on input line 71.
Package babel Info: Redefining portuges shorthand "|
(babel)             in language  on input line 71.
pdfTeX warning (ext4): destination with the same identifier (name{page.1}) has 
been already used, duplicate ignored
<to be read again> 
                   \relax 
l.71 ...ity Strategies for the Internet of Things}
                                                   [1


]
Underfull \hbox (badness 10000) in paragraph at lines 71--73

 []

Package babel Info: Redefining portuges shorthand "|
(babel)             in language  on input line 76.
Package babel Info: Redefining portuges shorthand "|
(babel)             in language  on input line 76.
[2


] (TI-Ricardo-Doutorado.lof
LaTeX Font Info:    Font shape `T1/phv/m/it' in size <12> not available
(Font)              Font shape `T1/phv/m/sl' tried instead on input line 12.
)
\tf@lof=\write5
\openout5 = `TI-Ricardo-Doutorado.lof'.

Package babel Info: Redefining portuges shorthand "|
(babel)             in language  on input line 79.
Package babel Info: Redefining portuges shorthand "|
(babel)             in language  on input line 79.
 [3

] (TI-Ricardo-Doutorado.lot)
\tf@lot=\write6
\openout6 = `TI-Ricardo-Doutorado.lot'.

Package babel Info: Redefining portuges shorthand "|
(babel)             in language  on input line 82.
Package babel Info: Redefining portuges shorthand "|
(babel)             in language  on input line 82.
 [4

]
Package babel Info: Redefining portuges shorthand "|
(babel)             in language  on input line 103.
Package babel Info: Redefining portuges shorthand "|
(babel)             in language  on input line 103.
 [5

]
(TI-Ricardo-Doutorado.toc
Underfull \hbox (badness 10000) in paragraph at lines 4--4
 []  
 []


Underfull \hbox (badness 10000) in paragraph at lines 8--8
 []  
 []


Underfull \hbox (badness 10000) in paragraph at lines 13--13
 []  
 []


Underfull \hbox (badness 10000) in paragraph at lines 25--25
 []  
 []


Underfull \hbox (badness 10000) in paragraph at lines 26--26
 []  
 []

)
\tf@toc=\write7
\openout7 = `TI-Ricardo-Doutorado.toc'.

Package babel Info: Redefining portuges shorthand "|
(babel)             in language  on input line 107.
Package babel Info: Redefining portuges shorthand "|
(babel)             in language  on input line 107.
 [6

]
Package babel Info: Redefining portuges shorthand "|
(babel)             in language  on input line 107.
Package babel Info: Redefining portuges shorthand "|
(babel)             in language  on input line 117.
Package babel Info: Redefining portuges shorthand "|
(babel)             in language  on input line 117.
 [7

]
Package babel Info: Redefining portuges shorthand "|
(babel)             in language  on input line 125.
Package babel Info: Redefining portuges shorthand "|
(babel)             in language  on input line 125.
 [8]
LaTeX Font Info:    Font shape `T1/phv/bx/n' in size <14.4> not available
(Font)              Font shape `T1/phv/b/n' tried instead on input line 131.
Package babel Info: Redefining portuges shorthand "|
(babel)             in language  on input line 131.
Package babel Info: Redefining portuges shorthand "|
(babel)             in language  on input line 136.
Package babel Info: Redefining portuges shorthand "|
(babel)             in language  on input line 136.
 [9]
Package babel Info: Redefining portuges shorthand "|
(babel)             in language  on input line 144.
Package babel Info: Redefining portuges shorthand "|
(babel)             in language  on input line 144.
 [10]
Package babel Info: Redefining portuges shorthand "|
(babel)             in language  on input line 145.
Package babel Info: Redefining portuges shorthand "|
(babel)             in language  on input line 151.
Package babel Info: Redefining portuges shorthand "|
(babel)             in language  on input line 165.
Package babel Info: Redefining portuges shorthand "|
(babel)             in language  on input line 165.
 [11]
Package babel Info: Redefining portuges shorthand "|
(babel)             in language  on input line 165.
Package babel Info: Redefining portuges shorthand "|
(babel)             in language  on input line 170.
Package babel Info: Redefining portuges shorthand "|
(babel)             in language  on input line 178.
Package babel Info: Redefining portuges shorthand "|
(babel)             in language  on input line 178.
 [12

]
LaTeX Font Info:    Try loading font information for OMS+phv on input line 183.


("C:\Users\WeslenSchiavon\AppData\Local\Programs\MiKTeX 2.9\tex\latex\psnfss\om
sphv.fd"
File: omsphv.fd 
)
LaTeX Font Info:    Font shape `OMS/phv/m/n' in size <12> not available
(Font)              Font shape `OMS/cmsy/m/n' tried instead on input line 183.
Package babel Info: Redefining portuges shorthand "|
(babel)             in language  on input line 190.
Package babel Info: Redefining portuges shorthand "|
(babel)             in language  on input line 190.
 [13]
Package babel Info: Redefining portuges shorthand "|
(babel)             in language  on input line 199.
Package babel Info: Redefining portuges shorthand "|
(babel)             in language  on input line 208.
Package babel Info: Redefining portuges shorthand "|
(babel)             in language  on input line 208.
 [14]
Package babel Info: Redefining portuges shorthand "|
(babel)             in language  on input line 216.
Package babel Info: Redefining portuges shorthand "|
(babel)             in language  on input line 216.
 [15]
<imagens/generic-feedback-loop.png, id=408, 821.0675pt x 523.9575pt>
File: imagens/generic-feedback-loop.png Graphic file (type png)
<use imagens/generic-feedback-loop.png>
Package pdftex.def Info: imagens/generic-feedback-loop.png  used on input line 
219.
(pdftex.def)             Requested size: 364.19667pt x 232.40483pt.
Package babel Info: Redefining portuges shorthand "|
(babel)             in language  on input line 233.
Package babel Info: Redefining portuges shorthand "|
(babel)             in language  on input line 233.
 [16 <./imagens/generic-feedback-loop.png>]
Package babel Info: Redefining portuges shorthand "|
(babel)             in language  on input line 244.
Package babel Info: Redefining portuges shorthand "|
(babel)             in language  on input line 244.
 [17]
<imagens/mape-k-model.png, id=442, 344.0052pt x 233.673pt>
File: imagens/mape-k-model.png Graphic file (type png)
<use imagens/mape-k-model.png>
Package pdftex.def Info: imagens/mape-k-model.png  used on input line 247.
(pdftex.def)             Requested size: 364.19667pt x 247.38911pt.
Package babel Info: Redefining portuges shorthand "|
(babel)             in language  on input line 261.
Package babel Info: Redefining portuges shorthand "|
(babel)             in language  on input line 261.

[18 <./imagens/mape-k-model.png>]
Package babel Info: Redefining portuges shorthand "|
(babel)             in language  on input line 273.
Package babel Info: Redefining portuges shorthand "|
(babel)             in language  on input line 286.
Package babel Info: Redefining portuges shorthand "|
(babel)             in language  on input line 286.
 [19]
Package babel Info: Redefining portuges shorthand "|
(babel)             in language  on input line 314.
Package babel Info: Redefining portuges shorthand "|
(babel)             in language  on input line 314.
 [20]
Package babel Info: Redefining portuges shorthand "|
(babel)             in language  on input line 329.
Package babel Info: Redefining portuges shorthand "|
(babel)             in language  on input line 335.
Package babel Info: Redefining portuges shorthand "|
(babel)             in language  on input line 335.
 [21]
Package babel Info: Redefining portuges shorthand "|
(babel)             in language  on input line 335.
Package babel Info: Redefining portuges shorthand "|
(babel)             in language  on input line 339.
Package babel Info: Redefining portuges shorthand "|
(babel)             in language  on input line 354.
Package babel Info: Redefining portuges shorthand "|
(babel)             in language  on input line 354.
 [22

]
<imagens/tabela_string_busca.png, id=511, 953.36176pt x 237.88875pt>
File: imagens/tabela_string_busca.png Graphic file (type png)
<use imagens/tabela_string_busca.png>
Package pdftex.def Info: imagens/tabela_string_busca.png  used on input line 35
9.
(pdftex.def)             Requested size: 455.24411pt x 113.59361pt.
LaTeX Font Info:    External font `cmex10' loaded for size
(Font)              <7> on input line 366.
LaTeX Font Info:    External font `cmex10' loaded for size
(Font)              <5> on input line 366.
LaTeX Font Info:    Try loading font information for T1+cmtt on input line 366.


("C:\Users\WeslenSchiavon\AppData\Local\Programs\MiKTeX 2.9\tex\latex\base\t1cm
tt.fd"
File: t1cmtt.fd 2014/09/29 v2.5h Standard LaTeX font definitions
)
<imagens/GrafPizPubAno.png, id=518, 510.10574pt x 311.36325pt>
File: imagens/GrafPizPubAno.png Graphic file (type png)
<use imagens/GrafPizPubAno.png>
Package pdftex.def Info: imagens/GrafPizPubAno.png  used on input line 370.
(pdftex.def)             Requested size: 409.71692pt x 250.08864pt.
<imagens/GrafBarraPubAno.png, id=519, 1156.32pt x 650.43pt>
File: imagens/GrafBarraPubAno.png Graphic file (type png)
<use imagens/GrafBarraPubAno.png>
Package pdftex.def Info: imagens/GrafBarraPubAno.png  used on input line 377.
(pdftex.def)             Requested size: 409.71692pt x 230.46262pt.
<imagens/grafPublicaAno.png, id=521, 858.20625pt x 499.26524pt>
File: imagens/grafPublicaAno.png Graphic file (type png)
<use imagens/grafPublicaAno.png>
Package pdftex.def Info: imagens/grafPublicaAno.png  used on input line 387.
(pdftex.def)             Requested size: 409.71692pt x 238.35712pt.
Package babel Info: Redefining portuges shorthand "|
(babel)             in language  on input line 392.
Package babel Info: Redefining portuges shorthand "|
(babel)             in language  on input line 395.
Package babel Info: Redefining portuges shorthand "|
(babel)             in language  on input line 395.
 [23 <./imagens/tabela_string_busca.png>]
Package babel Info: Redefining portuges shorthand "|
(babel)             in language  on input line 409.
Package babel Info: Redefining portuges shorthand "|
(babel)             in language  on input line 412.
Package babel Info: Redefining portuges shorthand "|
(babel)             in language  on input line 412.
 [24 <./imagens/GrafPizPubAno.png>]
Package babel Info: Redefining portuges shorthand "|
(babel)             in language  on input line 415.
Package babel Info: Redefining portuges shorthand "|
(babel)             in language  on input line 422.
Package babel Info: Redefining portuges shorthand "|
(babel)             in language  on input line 422.
 [25 <./imagens/GrafBarraPubAno.png>]
Underfull \hbox (badness 10000) in paragraph at lines 429--429
[]|[]\T1/phv/b/n/12 Processo
 []


Underfull \hbox (badness 10000) in paragraph at lines 429--430
[]|[]\T1/phv/b/n/12 Processo/Metodologia ARM
 []

LaTeX Font Info:    Font shape `T1/phv/bx/it' in size <12> not available
(Font)              Font shape `T1/phv/b/it' tried instead on input line 431.
LaTeX Font Info:    Font shape `T1/phv/b/it' in size <12> not available
(Font)              Font shape `T1/phv/b/sl' tried instead on input line 431.
Package babel Info: Redefining portuges shorthand "|
(babel)             in language  on input line 443.
Package babel Info: Redefining portuges shorthand "|
(babel)             in language  on input line 443.
[26 <./imagens/grafPublicaAno.png>]
<imagens/adaptive-security-management-model.png, id=555, 926.46124pt x 715.6737
5pt>
File: imagens/adaptive-security-management-model.png Graphic file (type png)
<use imagens/adaptive-security-management-model.png>
Package pdftex.def Info: imagens/adaptive-security-management-model.png  used o
n input line 449.
(pdftex.def)             Requested size: 318.66948pt x 246.16513pt.
Package babel Info: Redefining portuges shorthand "|
(babel)             in language  on input line 457.
Package babel Info: Redefining portuges shorthand "|
(babel)             in language  on input line 457.
 [27 <./imagens/adaptive-security-management-model.png>]
<imagens/case-study-patient-monitoring.png, id=565, 903.375pt x 748.7975pt>
File: imagens/case-study-patient-monitoring.png Graphic file (type png)
<use imagens/case-study-patient-monitoring.png>
Package pdftex.def Info: imagens/case-study-patient-monitoring.png  used on inp
ut line 468.
(pdftex.def)             Requested size: 318.66948pt x 264.13968pt.
Package babel Info: Redefining portuges shorthand "|
(babel)             in language  on input line 475.
Package babel Info: Redefining portuges shorthand "|
(babel)             in language  on input line 475.
 [28]
Underfull \hbox (badness 1681) in paragraph at lines 479--479
[]\T1/phv/b/n/12 Architecture and Knowledge-Driven Self-Adaptive Se-cu-rity in 
Smart
 []

Package babel Info: Redefining portuges shorthand "|
(babel)             in language  on input line 479.
Package babel Info: Redefining portuges shorthand "|
(babel)             in language  on input line 484.
Package babel Info: Redefining portuges shorthand "|
(babel)             in language  on input line 484.
[29 <./imagens/case-study-patient-monitoring.png>]
<imagens/ismo-architecture.png, id=581, 907.39pt x 463.7325pt>
File: imagens/ismo-architecture.png Graphic file (type png)
<use imagens/ismo-architecture.png>
Package pdftex.def Info: imagens/ismo-architecture.png  used on input line 489.

(pdftex.def)             Requested size: 318.66948pt x 162.86072pt.
Package babel Info: Redefining portuges shorthand "|
(babel)             in language  on input line 497.
Package babel Info: Redefining portuges shorthand "|
(babel)             in language  on input line 497.
 [30 <./imagens/ismo-architecture.png>]
<imagens/ismo-monitor.png, id=589, 731.73375pt x 425.59pt>
File: imagens/ismo-monitor.png Graphic file (type png)
<use imagens/ismo-monitor.png>
Package pdftex.def Info: imagens/ismo-monitor.png  used on input line 501.
(pdftex.def)             Requested size: 318.66948pt x 185.34445pt.
<imagens/ismo-ontology.png, id=591, 780.9175pt x 486.81876pt>
File: imagens/ismo-ontology.png Graphic file (type png)
<use imagens/ismo-ontology.png>
Package pdftex.def Info: imagens/ismo-ontology.png  used on input line 514.
(pdftex.def)             Requested size: 318.66948pt x 198.6536pt.
Package babel Info: Redefining portuges shorthand "|
(babel)             in language  on input line 521.
Package babel Info: Redefining portuges shorthand "|
(babel)             in language  on input line 521.
 [31 <./imagens/ismo-monitor.png>]
Package babel Info: Redefining portuges shorthand "|
(babel)             in language  on input line 524.
Package babel Info: Redefining portuges shorthand "|
(babel)             in language  on input line 531.
Package babel Info: Redefining portuges shorthand "|
(babel)             in language  on input line 531.
 [32 <./imagens/ismo-ontology.png>]
<imagens/edas-reference-model.png, id=609, 593.21625pt x 671.50874pt>
File: imagens/edas-reference-model.png Graphic file (type png)
<use imagens/edas-reference-model.png>
Package pdftex.def Info: imagens/edas-reference-model.png  used on input line 5
41.
(pdftex.def)             Requested size: 318.66948pt x 360.73424pt.
Package babel Info: Redefining portuges shorthand "|
(babel)             in language  on input line 549.
Package babel Info: Redefining portuges shorthand "|
(babel)             in language  on input line 549.
[33]
Package babel Info: Redefining portuges shorthand "|
(babel)             in language  on input line 556.
Package babel Info: Redefining portuges shorthand "|
(babel)             in language  on input line 556.
 [34 <./imagens/edas-reference-model.png>]
<imagens/edas-ontology.png, id=620, 1048.91875pt x 810.02625pt>
File: imagens/edas-ontology.png Graphic file (type png)
<use imagens/edas-ontology.png>
Package pdftex.def Info: imagens/edas-ontology.png  used on input line 577.
(pdftex.def)             Requested size: 318.66948pt x 246.08739pt.
Package babel Info: Redefining portuges shorthand "|
(babel)             in language  on input line 584.
Package babel Info: Redefining portuges shorthand "|
(babel)             in language  on input line 584.
 [35]
<imagens/edas-adaptation-process.png, id=628, 1395.2125pt x 622.325pt>
File: imagens/edas-adaptation-process.png Graphic file (type png)
<use imagens/edas-adaptation-process.png>
Package pdftex.def Info: imagens/edas-adaptation-process.png  used on input lin
e 589.
(pdftex.def)             Requested size: 318.66948pt x 142.13466pt.
Package babel Info: Redefining portuges shorthand "|
(babel)             in language  on input line 595.
Package babel Info: Redefining portuges shorthand "|
(babel)             in language  on input line 595.
 [36 <./imagens/edas-ontology.png> <./imagens/edas-adaptation-process.png>]
Package babel Info: Redefining portuges shorthand "|
(babel)             in language  on input line 601.
Package babel Info: Redefining portuges shorthand "|
(babel)             in language  on input line 607.
Package babel Info: Redefining portuges shorthand "|
(babel)             in language  on input line 607.
 [37]
<imagens/arm-framework.png, id=652, 1445.4pt x 737.75626pt>
File: imagens/arm-framework.png Graphic file (type png)
<use imagens/arm-framework.png>
Package pdftex.def Info: imagens/arm-framework.png  used on input line 611.
(pdftex.def)             Requested size: 318.66948pt x 162.65585pt.
<imagens/context-manager-overview.png, id=656, 745.78625pt x 877.2775pt>
File: imagens/context-manager-overview.png Graphic file (type png)
<use imagens/context-manager-overview.png>
Package pdftex.def Info: imagens/context-manager-overview.png  used on input li
ne 622.
(pdftex.def)             Requested size: 318.66948pt x 374.85262pt.
Package babel Info: Redefining portuges shorthand "|
(babel)             in language  on input line 629.
Package babel Info: Redefining portuges shorthand "|
(babel)             in language  on input line 629.
 [38 <./imagens/arm-framework.png>]
Package babel Info: Redefining portuges shorthand "|
(babel)             in language  on input line 631.
Package babel Info: Redefining portuges shorthand "|
(babel)             in language  on input line 631.
 [39 <./imagens/context-manager-overview.png>]
Package babel Info: Redefining portuges shorthand "|
(babel)             in language  on input line 639.
Package babel Info: Redefining portuges shorthand "|
(babel)             in language  on input line 639.
 [40]
<imagens/context-aware-adaptive-security.png, id=679, 1077.02374pt x 848.16875p
t>
File: imagens/context-aware-adaptive-security.png Graphic file (type png)
<use imagens/context-aware-adaptive-security.png>
Package pdftex.def Info: imagens/context-aware-adaptive-security.png  used on i
nput line 644.
(pdftex.def)             Requested size: 318.66948pt x 250.95824pt.
Package babel Info: Redefining portuges shorthand "|
(babel)             in language  on input line 653.
Package babel Info: Redefining portuges shorthand "|
(babel)             in language  on input line 656.
Package babel Info: Redefining portuges shorthand "|
(babel)             in language  on input line 656.
 [41 <./imagens/context-aware-adaptive-security.png>]
<imagens/iotsec-architecture.png, id=691, 845.1575pt x 682.55pt>
File: imagens/iotsec-architecture.png Graphic file (type png)
<use imagens/iotsec-architecture.png>
Package pdftex.def Info: imagens/iotsec-architecture.png  used on input line 65
9.
(pdftex.def)             Requested size: 318.66948pt x 257.36163pt.
<imagens/iotsec-ontology.png, id=696, 892.33376pt x 542.025pt>
File: imagens/iotsec-ontology.png Graphic file (type png)
<use imagens/iotsec-ontology.png>
Package pdftex.def Info: imagens/iotsec-ontology.png  used on input line 668.
(pdftex.def)             Requested size: 318.66948pt x 193.56569pt.

Underfull \hbox (badness 2689) in paragraph at lines 669--669
[][]|\T1/phv/m/n/12 On-to-lo-gia de re-fe-rn-cia para se-gu-rana na IoT ([]MO
Z-ZA-QUA-TRO;
 []

Package babel Info: Redefining portuges shorthand "|
(babel)             in language  on input line 674.
Package babel Info: Redefining portuges shorthand "|
(babel)             in language  on input line 674.
[42 <./imagens/iotsec-architecture.png>]
Package babel Info: Redefining portuges shorthand "|
(babel)             in language  on input line 681.
Package babel Info: Redefining portuges shorthand "|
(babel)             in language  on input line 681.
 [43 <./imagens/iotsec-ontology.png>]
Package babel Info: Redefining portuges shorthand "|
(babel)             in language  on input line 684.
Package babel Info: Redefining portuges shorthand "|
(babel)             in language  on input line 700.
Package babel Info: Redefining portuges shorthand "|
(babel)             in language  on input line 700.

[44]
<imagens/sarm-description.png, id=724, 365.365pt x 231.86626pt>
File: imagens/sarm-description.png Graphic file (type png)
<use imagens/sarm-description.png>
Package pdftex.def Info: imagens/sarm-description.png  used on input line 705.
(pdftex.def)             Requested size: 318.66948pt x 202.24208pt.
Package babel Info: Redefining portuges shorthand "|
(babel)             in language  on input line 712.
Package babel Info: Redefining portuges shorthand "|
(babel)             in language  on input line 712.
 [45 <./imagens/sarm-description.png>]
<imagens/sarm-framework.png, id=731, 760.8425pt x 683.55376pt>
File: imagens/sarm-framework.png Graphic file (type png)
<use imagens/sarm-framework.png>
Package pdftex.def Info: imagens/sarm-framework.png  used on input line 717.
(pdftex.def)             Requested size: 318.66948pt x 286.30835pt.
Package babel Info: Redefining portuges shorthand "|
(babel)             in language  on input line 729.
Package babel Info: Redefining portuges shorthand "|
(babel)             in language  on input line 732.
Package babel Info: Redefining portuges shorthand "|
(babel)             in language  on input line 732.
 [46 <./imagens/sarm-framework.png>]
Package babel Info: Redefining portuges shorthand "|
(babel)             in language  on input line 748.
Package babel Info: Redefining portuges shorthand "|
(babel)             in language  on input line 748.

[47]
<imagens/comparacao-estado-da-arte.png, id=765, 964.5636pt x 584.9052pt>
File: imagens/comparacao-estado-da-arte.png Graphic file (type png)
<use imagens/comparacao-estado-da-arte.png>
Package pdftex.def Info: imagens/comparacao-estado-da-arte.png  used on input l
ine 761.
(pdftex.def)             Requested size: 455.24411pt x 276.0568pt.
Package babel Info: Redefining portuges shorthand "|
(babel)             in language  on input line 770.
Package babel Info: Redefining portuges shorthand "|
(babel)             in language  on input line 770.
 [48]
Package babel Info: Redefining portuges shorthand "|
(babel)             in language  on input line 775.
Package babel Info: Redefining portuges shorthand "|
(babel)             in language  on input line 778.
Package babel Info: Redefining portuges shorthand "|
(babel)             in language  on input line 778.
 [49 <./imagens/comparacao-estado-da-arte.png>]
Package babel Info: Redefining portuges shorthand "|
(babel)             in language  on input line 781.
Package babel Info: Redefining portuges shorthand "|
(babel)             in language  on input line 781.
 [50]
Package babel Info: Redefining portuges shorthand "|
(babel)             in language  on input line 781.
Package babel Info: Redefining portuges shorthand "|
(babel)             in language  on input line 794.
Package babel Info: Redefining portuges shorthand "|
(babel)             in language  on input line 794.
 [51

]
(TI-Ricardo-Doutorado.bbl
Package babel Info: Redefining portuges shorthand "|
(babel)             in language  on input line 1.
Package babel Info: Redefining portuges shorthand "|
(babel)             in language  on input line 1.
 [52]
Package babel Info: Redefining portuges shorthand "|
(babel)             in language  on input line 1.
Package babel Info: Redefining portuges shorthand "|
(babel)             in language  on input line 54.
Package babel Info: Redefining portuges shorthand "|
(babel)             in language  on input line 54.
 [53

]
Package babel Info: Redefining portuges shorthand "|
(babel)             in language  on input line 113.
Package babel Info: Redefining portuges shorthand "|
(babel)             in language  on input line 113.
 [54]
Underfull \hbox (badness 10000) in paragraph at lines 123--127
[]\T1/phv/m/n/12 HP. Dis-po-n-vel em: []$\T1/cmtt/m/n/12 <[]http : / / files .
 asset . microfocus . com / 4aa5-[]4759 / en /
 []


Underfull \hbox (badness 10000) in paragraph at lines 164--169
[]\T1/phv/m/n/12 MEULEN, R. van der. Dis-po-n-vel em: []$\T1/cmtt/m/n/12 <[]ht
tps : / / www . gartner . com /
 []


Overfull \hbox (35.46179pt too wide) in paragraph at lines 164--169
\T1/cmtt/m/n/12 smarterwithgartner / build-[]adaptive-[]security-[]architecture
-[]into-[]your-[]organization /
 []

Package babel Info: Redefining portuges shorthand "|
(babel)             in language  on input line 174.
Package babel Info: Redefining portuges shorthand "|
(babel)             in language  on input line 174.
[55]
Underfull \hbox (badness 1796) in paragraph at lines 206--211
[]\T1/phv/m/n/12 PANETTA, K. Dis-po-n-vel em: []$\T1/cmtt/m/n/12 <[]https : / 
/ www . gartner . com / smarterwithgartner /
 []


Underfull \hbox (badness 1796) in paragraph at lines 212--217
[]\T1/phv/m/n/12 PANETTA, K. Dis-po-n-vel em: []$\T1/cmtt/m/n/12 <[]https : / 
/ www . gartner . com / smarterwithgartner /
 []

Package babel Info: Redefining portuges shorthand "|
(babel)             in language  on input line 230.
Package babel Info: Redefining portuges shorthand "|
(babel)             in language  on input line 230.
[56]
Package babel Info: Redefining portuges shorthand "|
(babel)             in language  on input line 286.
Package babel Info: Redefining portuges shorthand "|
(babel)             in language  on input line 286.
 [57]) 
AED: lastpage setting LastPage
Package babel Info: Redefining portuges shorthand "|
(babel)             in language  on input line 803.
Package babel Info: Redefining portuges shorthand "|
(babel)             in language  on input line 803.
[58]
Package babel Info: Redefining portuges shorthand "|
(babel)             in language  on input line 803.
Package atveryend Info: Empty hook `BeforeClearDocument' on input line 803.
Package atveryend Info: Empty hook `AfterLastShipout' on input line 803.
 (TI-Ricardo-Doutorado.aux)
Package atveryend Info: Executing hook `AtVeryEndDocument' on input line 803.
Package atveryend Info: Executing hook `AtEndAfterFileList' on input line 803.
Package rerunfilecheck Info: File `TI-Ricardo-Doutorado.out' has not changed.
(rerunfilecheck)             Checksum: ECD31D0FB905EFF32F23CF0139A44696;5516.
Package atveryend Info: Empty hook `AtVeryVeryEnd' on input line 803.
 ) 
Here is how much of TeX's memory you used:
 22977 strings out of 493305
 412070 string characters out of 3125887
 471893 words of memory out of 3000000
 25932 multiletter control sequences out of 15000+200000
 39750 words of font info for 48 fonts, out of 3000000 for 9000
 1141 hyphenation exceptions out of 8191
 62i,15n,76p,1543b,558s stack positions out of 5000i,500n,10000p,200000b,50000s
 <C:\Users\WeslenSchiavon\AppData\Local\MiKTeX\2.9\fonts\pk\ljfour\jknappen\e
c\dpi600\ectt1200.pk>{C:/Users/WeslenSchiavon/AppData/Local/Programs/MiKTeX 2.9
/fonts/enc/dvips/base/8r.enc} <C:\Users\WeslenSchiavon\AppData\Local\MiKTeX\2.9
\fonts\pk\ljfour\jknappen\ec\dpi600\ectt1000.pk><C:/Users/WeslenSchiavon/AppDat
a/Local/Programs/MiKTeX 2.9/fonts/type1/public/amsfonts/cm/cmmi12.pfb><C:/Users
/WeslenSchiavon/AppData/Local/Programs/MiKTeX 2.9/fonts/type1/public/amsfonts/c
m/cmr12.pfb><C:/Users/WeslenSchiavon/AppData/Local/Programs/MiKTeX 2.9/fonts/ty
pe1/public/amsfonts/cm/cmsy10.pfb><C:/Users/WeslenSchiavon/AppData/Local/Progra
ms/MiKTeX 2.9/fonts/type1/urw/helvetic/uhvb8a.pfb><C:/Users/WeslenSchiavon/AppD
ata/Local/Programs/MiKTeX 2.9/fonts/type1/urw/helvetic/uhvbo8a.pfb><C:/Users/We
slenSchiavon/AppData/Local/Programs/MiKTeX 2.9/fonts/type1/urw/helvetic/uhvr8a.
pfb><C:/Users/WeslenSchiavon/AppData/Local/Programs/MiKTeX 2.9/fonts/type1/urw/
helvetic/uhvro8a.pfb>
Output written on TI-Ricardo-Doutorado.pdf (59 pages, 3435920 bytes).
PDF statistics:
 1005 PDF objects out of 1200 (max. 8388607)
 155 named destinations out of 1000 (max. 500000)
 307 words of extra memory for PDF output out of 10000 (max. 10000000)

